Using pre-set license
Built from '2020.2/release' branch; Version is '2020.2.1f1 (270dd8c3da1c) revision 2559448'; Using compiler version '192528614'; Build Type 'Release'
OS: 'Windows 10  (10.0.0) 64bit' Language: 'es' Physical Memory: 12220 MB
BatchMode: 1, IsHumanControllingUs: 0, StartBugReporterOnCrash: 0, Is64bit: 1, IsPro: 0

 COMMAND LINE ARGUMENTS:
C:\Program Files\Unity\Hub\Editor\2020.2.1f1\Editor\Unity.exe
-adb2
-batchMode
-noUpm
-name
AssetImportWorker0
-projectPath
C:/Users/Nena/Desktop/TFG/TFG_Unity_Kinect/New Unity Project with Kinect v2
-logFile
Logs/AssetImportWorker0.log
-srvPort
51525
Successfully changed project path to: C:/Users/Nena/Desktop/TFG/TFG_Unity_Kinect/New Unity Project with Kinect v2
C:/Users/Nena/Desktop/TFG/TFG_Unity_Kinect/New Unity Project with Kinect v2
Using Asset Import Pipeline V2.
Refreshing native plugins compatible for Editor in 53.72 ms, found 1 plugins.
Preloading 0 native plugins for Editor in 0.00 ms.
Initialize engine version: 2020.2.1f1 (270dd8c3da1c)
[Subsystems] Discovering subsystems at path C:/Program Files/Unity/Hub/Editor/2020.2.1f1/Editor/Data/Resources/UnitySubsystems
[Subsystems] Discovering subsystems at path C:/Users/Nena/Desktop/TFG/TFG_Unity_Kinect/New Unity Project with Kinect v2/Assets
GfxDevice: creating device client; threaded=0
Direct3D:
    Version:  Direct3D 11.0 [level 11.0]
    Renderer: NVIDIA GeForce 840M (ID=0x1341)
    Vendor:   
    VRAM:     2010 MB
    Driver:   27.21.14.5241
Initialize mono
Mono path[0] = 'C:/Program Files/Unity/Hub/Editor/2020.2.1f1/Editor/Data/Managed'
Mono path[1] = 'C:/Program Files/Unity/Hub/Editor/2020.2.1f1/Editor/Data/MonoBleedingEdge/lib/mono/unityjit'
Mono config path = 'C:/Program Files/Unity/Hub/Editor/2020.2.1f1/Editor/Data/MonoBleedingEdge/etc'
Using monoOptions --debugger-agent=transport=dt_socket,embedding=1,server=y,suspend=n,address=127.0.0.1:56440
Begin MonoManager ReloadAssembly
Registering precompiled unity dll's ...
Register platform support module: C:/Program Files/Unity/Hub/Editor/2020.2.1f1/Editor/Data/PlaybackEngines/WindowsStandaloneSupport/UnityEditor.WindowsStandalone.Extensions.dll
Registered in 0.001999 seconds.
Native extension for WindowsStandalone target not found
Refreshing native plugins compatible for Editor in 24.96 ms, found 1 plugins.
Preloading 0 native plugins for Editor in 0.00 ms.
Invoked RoslynAnalysisRunner static constructor.
RoslynAnalysisRunner will not be running.
RoslynAnalysisRunner has terminated.
Mono: successfully reloaded assembly
- Completed reload, in  1.247 seconds
Platform modules already initialized, skipping
Registering precompiled user dll's ...
Registered in 0.001233 seconds.
Begin MonoManager ReloadAssembly
Native extension for WindowsStandalone target not found
Refreshing native plugins compatible for Editor in 0.35 ms, found 1 plugins.
Preloading 0 native plugins for Editor in 0.00 ms.
Invoked RoslynAnalysisRunner static constructor.
RoslynAnalysisRunner will not be running.
RoslynAnalysisRunner has terminated.
Mono: successfully reloaded assembly
- Completed reload, in  1.165 seconds
Platform modules already initialized, skipping
========================================================================
Worker process is ready to serve import requests
Launched and connected shader compiler UnityShaderCompiler.exe after 0.03 seconds
Refreshing native plugins compatible for Editor in 0.52 ms, found 1 plugins.
Preloading 0 native plugins for Editor in 0.00 ms.
Unloading 1177 Unused Serialized files (Serialized files now loaded: 0)
System memory in use before: 58.4 MB.
System memory in use after: 58.5 MB.

Unloading 12 unused Assets to reduce memory usage. Loaded Objects now: 1615.
Total: 2.837700 ms (FindLiveObjects: 0.262400 ms CreateObjectMapping: 0.070000 ms MarkObjects: 2.447000 ms  DeleteObjects: 0.056400 ms)

========================================================================
Received Import Request.
  path: Assets/KinectView/Scenes
  artifactKey: Guid(14581deced87faa49a790c5449216045) Importer(815301076,1909f56bfc062723c751e8b465ee728b)
Start importing Assets/KinectView/Scenes using Guid(14581deced87faa49a790c5449216045) Importer(815301076,1909f56bfc062723c751e8b465ee728b)  -> (artifact id: '8f0aade39a9da1d8cbf5f3c30c3d1fff') in 0.039149 seconds
  Import took 0.044077 seconds .

========================================================================
Received Import Request.
  Time since last request: 0.000612 seconds.
  path: Assets/KinectView
  artifactKey: Guid(8d911895b22f85a4bb9a6a70b0d348e7) Importer(815301076,1909f56bfc062723c751e8b465ee728b)
Start importing Assets/KinectView using Guid(8d911895b22f85a4bb9a6a70b0d348e7) Importer(815301076,1909f56bfc062723c751e8b465ee728b)  -> (artifact id: 'd7f4672d46a4dd2ba0dea52cf9256251') in 0.022305 seconds
  Import took 0.027007 seconds .

========================================================================
Received Import Request.
  Time since last request: 0.038947 seconds.
  path: Assets/KinectView/Scripts
  artifactKey: Guid(93d8cb9d0f1e15c4487368505e37d8e5) Importer(815301076,1909f56bfc062723c751e8b465ee728b)
Start importing Assets/KinectView/Scripts using Guid(93d8cb9d0f1e15c4487368505e37d8e5) Importer(815301076,1909f56bfc062723c751e8b465ee728b)  -> (artifact id: '1fb317f69ed219de1639428f29d314ea') in 0.010960 seconds
  Import took 0.014167 seconds .

========================================================================
Received Import Request.
  Time since last request: 0.000769 seconds.
  path: Assets/KinectView/Scripts
  artifactKey: Guid(93d8cb9d0f1e15c4487368505e37d8e5) Importer(815301076,1909f56bfc062723c751e8b465ee728b)
Start importing Assets/KinectView/Scripts using Guid(93d8cb9d0f1e15c4487368505e37d8e5) Importer(815301076,1909f56bfc062723c751e8b465ee728b)  -> (artifact id: '1fb317f69ed219de1639428f29d314ea') in 0.004210 seconds
  Import took 0.007270 seconds .

========================================================================
Received Import Request.
  Time since last request: 10.154339 seconds.
  path: Assets/KinectView/Scenes/TestFinal.unity
  artifactKey: Guid(62c2a501a9f1d43488835adb26686915) Importer(815301076,1909f56bfc062723c751e8b465ee728b)
Start importing Assets/KinectView/Scenes/TestFinal.unity using Guid(62c2a501a9f1d43488835adb26686915) Importer(815301076,1909f56bfc062723c751e8b465ee728b)  -> (artifact id: 'a00dadc4de3b1c39dad6e48dde4c4fc1') in 0.017647 seconds
  Import took 0.020932 seconds .

========================================================================
Received Import Request.
  Time since last request: 3.209242 seconds.
  path: Assets/KinectView/Scenes/SampleScene.unity
  artifactKey: Guid(9fc0d4010bbf28b4594072e72b8655ab) Importer(815301076,1909f56bfc062723c751e8b465ee728b)
Start importing Assets/KinectView/Scenes/SampleScene.unity using Guid(9fc0d4010bbf28b4594072e72b8655ab) Importer(815301076,1909f56bfc062723c751e8b465ee728b)  -> (artifact id: '551398236729f9dfe151f1828208ba7a') in 0.011454 seconds
  Import took 0.015388 seconds .

========================================================================
Received Import Request.
  Time since last request: 1.526437 seconds.
  path: Assets/KinectView/Scenes/GrabarScene.unity
  artifactKey: Guid(87ebe4c22c3d07147b988f97c595194b) Importer(815301076,1909f56bfc062723c751e8b465ee728b)
Start importing Assets/KinectView/Scenes/GrabarScene.unity using Guid(87ebe4c22c3d07147b988f97c595194b) Importer(815301076,1909f56bfc062723c751e8b465ee728b)  -> (artifact id: 'b0932b5bd452987594acc4617a6d4109') in 0.033204 seconds
  Import took 0.036130 seconds .

========================================================================
Received Import Request.
  Time since last request: 2.035652 seconds.
  path: Assets/KinectView/Materials
  artifactKey: Guid(c22ffd6f1ccefbd4db2b5d1a5cbaecde) Importer(815301076,1909f56bfc062723c751e8b465ee728b)
Start importing Assets/KinectView/Materials using Guid(c22ffd6f1ccefbd4db2b5d1a5cbaecde) Importer(815301076,1909f56bfc062723c751e8b465ee728b)  -> (artifact id: 'c523eb739aa13fa8f490d8d6bfd4065f') in 0.011798 seconds
  Import took 0.014852 seconds .

========================================================================
Received Import Request.
  Time since last request: 0.034890 seconds.
  path: Assets/KinectView/Materials/BoneMaterial.mat
  artifactKey: Guid(f2ea145c63353784985576f08398a815) Importer(815301076,1909f56bfc062723c751e8b465ee728b)
Start importing Assets/KinectView/Materials/BoneMaterial.mat using Guid(f2ea145c63353784985576f08398a815) Importer(815301076,1909f56bfc062723c751e8b465ee728b)  -> (artifact id: '688deb5dc75c06a59db3870bd5cdf484') in 0.595269 seconds
  Import took 0.599555 seconds .

========================================================================
Received Import Request.
  Time since last request: 0.000420 seconds.
  path: Assets/KinectView/Materials/Verde.mat
  artifactKey: Guid(e1d2bb81259754841aecead7f5ba715b) Importer(815301076,1909f56bfc062723c751e8b465ee728b)
Start importing Assets/KinectView/Materials/Verde.mat using Guid(e1d2bb81259754841aecead7f5ba715b) Importer(815301076,1909f56bfc062723c751e8b465ee728b)  -> (artifact id: '95aaef82415ed2a2c919559acf7b3700') in 0.395890 seconds
  Import took 0.399087 seconds .

AssetImportWorkerClient::OnTransportError - code=2 error=End of file
